<?xml version="1.0" encoding="utf-8"?><testsuites name="pytest tests"><testsuite name="pytest" errors="0" failures="0" skipped="0" tests="26" time="1.438" timestamp="2026-06-14T05:11:58.589402+00:00" hostname="agent-env-34bb501a-69d9-4a14-840a-3ea007fce383"><testcase classname="tests.test_phase2_bookings.TestHealth" name="test_health_200" time="0.008" /><testcase classname="tests.test_phase2_bookings.TestAuthGating" name="test_date_overview_requires_auth" time="0.045" /><testcase classname="tests.test_phase2_bookings.TestAuthGating" name="test_create_requires_auth" time="0.042" /><testcase classname="tests.test_phase2_bookings.TestDateOverview" name="test_empty_date_returns_three_available_slots" time="0.047" /><testcase classname="tests.test_phase2_bookings.TestDateOverview" name="test_past_date_slots_marked_completed" time="0.044" /><testcase classname="tests.test_phase2_bookings.TestDateOverview" name="test_invalid_date_format_400" time="0.044" /><testcase classname="tests.test_phase2_bookings.TestCreateBooking" name="test_create_success_and_analytics" time="0.048" /><testcase classname="tests.test_phase2_bookings.TestCreateBooking" name="test_past_date_returns_400" time="0.044" /><testcase classname="tests.test_phase2_bookings.TestCreateBooking" name="test_invalid_date_format_400" time="0.045" /><testcase classname="tests.test_phase2_bookings.TestCreateBooking" name="test_unknown_slot_id_422" time="0.044" /><testcase classname="tests.test_phase2_bookings.TestCreateBooking" name="test_profile_incomplete_400" time="0.044" /><testcase classname="tests.test_phase2_bookings.TestCreateBooking" name="test_double_booking_same_slot_409" time="0.090" /><testcase classname="tests.test_phase2_bookings.TestCreateBooking" name="test_same_user_two_slots_same_day_409" time="0.090" /><testcase classname="tests.test_phase2_bookings.TestCreateBooking" name="test_race_two_parallel_creates_one_wins" time="0.009" /><testcase classname="tests.test_phase2_bookings.TestMyBookings" name="test_me_lists_sorted_desc" time="0.132" /><testcase classname="tests.test_phase2_bookings.TestMyBookings" name="test_me_derives_completed_for_past" time="0.044" /><testcase classname="tests.test_phase2_bookings.TestCancelBooking" name="test_owner_can_cancel_and_slot_rebookable" time="0.135" /><testcase classname="tests.test_phase2_bookings.TestCancelBooking" name="test_non_owner_403" time="0.088" /><testcase classname="tests.test_phase2_bookings.TestCancelBooking" name="test_admin_can_cancel" time="0.090" /><testcase classname="tests.test_phase2_bookings.TestCancelBooking" name="test_unknown_id_404" time="0.044" /><testcase classname="tests.test_phase2_bookings.TestCancelBooking" name="test_already_cancelled_400" time="0.133" /><testcase classname="tests.test_phase2_bookings.TestCancelBooking" name="test_completed_booking_cannot_cancel" time="0.045" /><testcase classname="tests.test_phase2_bookings.TestIndexes" name="test_bookings_partial_unique_indexes_present" time="0.001" /><testcase classname="tests.test_phase2_bookings.TestWebSocket" name="test_ws_no_token_closes_1008" time="0.007" /><testcase classname="tests.test_phase2_bookings.TestWebSocket" name="test_ws_invalid_token_closes_1008" time="0.002" /><testcase classname="tests.test_phase2_bookings.TestWebSocket" name="test_ws_valid_token_hello_and_broadcast" time="0.013" /></testsuite></testsuites>