<?xml version="1.0" encoding="utf-8"?><testsuites name="pytest tests"><testsuite name="pytest" errors="0" failures="0" skipped="0" tests="61" time="2.745" timestamp="2026-06-14T05:12:04.887214+00:00" hostname="agent-env-34bb501a-69d9-4a14-840a-3ea007fce383"><testcase classname="tests.test_phase1_jwt.TestHealthAndBanner" name="test_health_ok" time="0.004" /><testcase classname="tests.test_phase1_jwt.TestHealthAndBanner" name="test_root_banner" time="0.043" /><testcase classname="tests.test_phase1_jwt.TestDomainEnforcement" name="test_allowed_domain_constant" time="0.000" /><testcase classname="tests.test_phase1_jwt.TestDomainEnforcement" name="test_diu_email_accepted" time="0.000" /><testcase classname="tests.test_phase1_jwt.TestDomainEnforcement" name="test_non_diu_email_rejected" time="0.000" /><testcase classname="tests.test_phase1_jwt.TestDomainEnforcement" name="test_auth_route_403_message_is_exact" time="0.000" /><testcase classname="tests.test_phase1_jwt.TestGoogleLoginEndpoint" name="test_empty_session_token_returns_400" time="0.044" /><testcase classname="tests.test_phase1_jwt.TestGoogleLoginEndpoint" name="test_missing_field_returns_422" time="0.043" /><testcase classname="tests.test_phase1_jwt.TestGoogleLoginEndpoint" name="test_invalid_session_token_returns_401" time="0.129" /><testcase classname="tests.test_phase1_jwt.TestJwtUtility" name="test_issue_token_claims" time="0.000" /><testcase classname="tests.test_phase1_jwt.TestJwtUtility" name="test_issue_token_uses_hs256" time="0.000" /><testcase classname="tests.test_phase1_jwt.TestJwtUtility" name="test_decode_rejects_wrong_secret" time="0.000" /><testcase classname="tests.test_phase1_jwt.TestAuthMe" name="test_missing_authorization_returns_401" time="0.043" /><testcase classname="tests.test_phase1_jwt.TestAuthMe" name="test_malformed_bearer_returns_401" time="0.043" /><testcase classname="tests.test_phase1_jwt.TestAuthMe" name="test_non_bearer_scheme_returns_401" time="0.043" /><testcase classname="tests.test_phase1_jwt.TestAuthMe" name="test_valid_admin_jwt_returns_200_with_admin_payload" time="0.049" /><testcase classname="tests.test_phase1_jwt.TestAuthMe" name="test_expired_jwt_returns_401_session_expired" time="0.042" /><testcase classname="tests.test_phase1_jwt.TestAuthMe" name="test_jwt_signed_with_wrong_secret_returns_401" time="0.042" /><testcase classname="tests.test_phase1_jwt.TestAuthMe" name="test_jwt_for_unknown_user_returns_401" time="0.044" /><testcase classname="tests.test_phase1_jwt.TestSeededAdmin" name="test_admin_seeded_with_expected_fields" time="0.000" /><testcase classname="tests.test_phase1_jwt.TestProfileUpdate" name="test_profile_update_without_auth_returns_401" time="0.043" /><testcase classname="tests.test_phase1_jwt.TestProfileUpdate" name="test_profile_update_alias_me_without_auth_returns_401" time="0.043" /><testcase classname="tests.test_phase1_jwt.TestProfileUpdate" name="test_profile_update_rejects_invalid_student_id[ab-expected0]" time="0.044" /><testcase classname="tests.test_phase1_jwt.TestProfileUpdate" name="test_profile_update_rejects_invalid_student_id[@@@@-expected1]" time="0.044" /><testcase classname="tests.test_phase1_jwt.TestProfileUpdate" name="test_profile_update_rejects_invalid_student_id[aaaaaaaaaaaaaaaaaaaaaaaaaaaaaaaaa-expected2]" time="0.044" /><testcase classname="tests.test_phase1_jwt.TestProfileUpdate" name="test_profile_update_accepts_valid_payload_and_persists" time="0.088" /><testcase classname="tests.test_phase1_jwt.TestProfileUpdate" name="test_profile_update_alias_me_persists_identically" time="0.089" /><testcase classname="tests.test_phase1_jwt.TestLogout" name="test_logout_returns_ok_and_user_id" time="0.044" /><testcase classname="tests.test_phase1_jwt.TestLogout" name="test_token_still_valid_after_logout_stateless_jwt" time="0.086" /><testcase classname="tests.test_phase1_jwt.TestLogout" name="test_logout_without_auth_returns_401" time="0.043" /><testcase classname="tests.test_phase1_jwt.TestIndexes" name="test_users_email_unique" time="0.002" /><testcase classname="tests.test_phase1_jwt.TestIndexes" name="test_users_user_id_unique" time="0.001" /><testcase classname="tests.test_phase1_jwt.TestIndexes" name="test_bookings_user_date_partial_unique_active" time="0.001" /><testcase classname="tests.test_phase1_jwt.TestIndexes" name="test_bookings_date_slot_partial_unique_active" time="0.001" /><testcase classname="tests.test_phase1_jwt.TestIndexes" name="test_bookings_expires_at_ttl" time="0.001" /><testcase classname="tests.test_phase2_bookings.TestHealth" name="test_health_200" time="0.043" /><testcase classname="tests.test_phase2_bookings.TestAuthGating" name="test_date_overview_requires_auth" time="0.042" /><testcase classname="tests.test_phase2_bookings.TestAuthGating" name="test_create_requires_auth" time="0.043" /><testcase classname="tests.test_phase2_bookings.TestDateOverview" name="test_empty_date_returns_three_available_slots" time="0.044" /><testcase classname="tests.test_phase2_bookings.TestDateOverview" name="test_past_date_slots_marked_completed" time="0.044" /><testcase classname="tests.test_phase2_bookings.TestDateOverview" name="test_invalid_date_format_400" time="0.044" /><testcase classname="tests.test_phase2_bookings.TestCreateBooking" name="test_create_success_and_analytics" time="0.046" /><testcase classname="tests.test_phase2_bookings.TestCreateBooking" name="test_past_date_returns_400" time="0.044" /><testcase classname="tests.test_phase2_bookings.TestCreateBooking" name="test_invalid_date_format_400" time="0.044" /><testcase classname="tests.test_phase2_bookings.TestCreateBooking" name="test_unknown_slot_id_422" time="0.045" /><testcase classname="tests.test_phase2_bookings.TestCreateBooking" name="test_profile_incomplete_400" time="0.046" /><testcase classname="tests.test_phase2_bookings.TestCreateBooking" name="test_double_booking_same_slot_409" time="0.091" /><testcase classname="tests.test_phase2_bookings.TestCreateBooking" name="test_same_user_two_slots_same_day_409" time="0.090" /><testcase classname="tests.test_phase2_bookings.TestCreateBooking" name="test_race_two_parallel_creates_one_wins" time="0.008" /><testcase classname="tests.test_phase2_bookings.TestMyBookings" name="test_me_lists_sorted_desc" time="0.132" /><testcase classname="tests.test_phase2_bookings.TestMyBookings" name="test_me_derives_completed_for_past" time="0.045" /><testcase classname="tests.test_phase2_bookings.TestCancelBooking" name="test_owner_can_cancel_and_slot_rebookable" time="0.133" /><testcase classname="tests.test_phase2_bookings.TestCancelBooking" name="test_non_owner_403" time="0.089" /><testcase classname="tests.test_phase2_bookings.TestCancelBooking" name="test_admin_can_cancel" time="0.088" /><testcase classname="tests.test_phase2_bookings.TestCancelBooking" name="test_unknown_id_404" time="0.044" /><testcase classname="tests.test_phase2_bookings.TestCancelBooking" name="test_already_cancelled_400" time="0.130" /><testcase classname="tests.test_phase2_bookings.TestCancelBooking" name="test_completed_booking_cannot_cancel" time="0.044" /><testcase classname="tests.test_phase2_bookings.TestIndexes" name="test_bookings_partial_unique_indexes_present" time="0.001" /><testcase classname="tests.test_phase2_bookings.TestWebSocket" name="test_ws_no_token_closes_1008" time="0.007" /><testcase classname="tests.test_phase2_bookings.TestWebSocket" name="test_ws_invalid_token_closes_1008" time="0.002" /><testcase classname="tests.test_phase2_bookings.TestWebSocket" name="test_ws_valid_token_hello_and_broadcast" time="0.015" /></testsuite></testsuites>